[2024-04-25T16:05:06.803+0000] {local_task_job_runner.py:120} INFO - ::group::Pre task execution logs
[2024-04-25T16:05:06.934+0000] {taskinstance.py:2073} INFO - Dependencies all met for dep_context=non-requeueable deps ti=<TaskInstance: dbt.dbt_run manual__2024-04-25T12:31:24.548079+00:00 [queued]>
[2024-04-25T16:05:06.990+0000] {taskinstance.py:2073} INFO - Dependencies all met for dep_context=requeueable deps ti=<TaskInstance: dbt.dbt_run manual__2024-04-25T12:31:24.548079+00:00 [queued]>
[2024-04-25T16:05:06.991+0000] {taskinstance.py:2303} INFO - Starting attempt 7 of 7
[2024-04-25T16:05:07.083+0000] {taskinstance.py:2327} INFO - Executing <Task(BashOperator): dbt_run> on 2024-04-25 12:31:24.548079+00:00
[2024-04-25T16:05:07.107+0000] {standard_task_runner.py:90} INFO - Running: ['***', 'tasks', 'run', 'dbt', 'dbt_run', 'manual__2024-04-25T12:31:24.548079+00:00', '--job-id', '336', '--raw', '--subdir', 'DAGS_FOLDER/bq_dbt.py', '--cfg-path', '/tmp/tmpjx7opwwq']
[2024-04-25T16:05:07.117+0000] {standard_task_runner.py:91} INFO - Job 336: Subtask dbt_run
[2024-04-25T16:05:07.122+0000] {logging_mixin.py:188} WARNING - /home/***/.local/lib/python3.12/site-packages/***/task/task_runner/standard_task_runner.py:61 DeprecationWarning: This process (pid=116878) is multi-threaded, use of fork() may lead to deadlocks in the child.
[2024-04-25T16:05:07.124+0000] {standard_task_runner.py:63} INFO - Started process 116937 to run task
[2024-04-25T16:05:07.278+0000] {task_command.py:426} INFO - Running <TaskInstance: dbt.dbt_run manual__2024-04-25T12:31:24.548079+00:00 [running]> on host b619dce40a27
[2024-04-25T16:05:08.327+0000] {taskinstance.py:2644} INFO - Exporting env vars: AIRFLOW_CTX_DAG_OWNER='***' AIRFLOW_CTX_DAG_ID='dbt' AIRFLOW_CTX_TASK_ID='dbt_run' AIRFLOW_CTX_EXECUTION_DATE='2024-04-25T12:31:24.548079+00:00' AIRFLOW_CTX_TRY_NUMBER='7' AIRFLOW_CTX_DAG_RUN_ID='manual__2024-04-25T12:31:24.548079+00:00'
[2024-04-25T16:05:08.328+0000] {taskinstance.py:430} INFO - ::endgroup::
[2024-04-25T16:05:08.329+0000] {subprocess.py:63} INFO - Tmp dir root location: /tmp
[2024-04-25T16:05:08.329+0000] {subprocess.py:75} INFO - Running command: ['/usr/bin/bash', '-c', 'cd ../Capstone-project; source ENV/bin/activate; cd ../projectcapstone; dbt run']
[2024-04-25T16:05:08.394+0000] {subprocess.py:86} INFO - Output:
[2024-04-25T16:05:08.419+0000] {subprocess.py:93} INFO - /usr/bin/bash: line 1: cd: ../Capstone-project: No such file or directory
[2024-04-25T16:05:08.419+0000] {subprocess.py:93} INFO - /usr/bin/bash: line 1: ENV/bin/activate: No such file or directory
[2024-04-25T16:05:08.420+0000] {subprocess.py:93} INFO - /usr/bin/bash: line 1: cd: ../projectcapstone: No such file or directory
[2024-04-25T16:05:08.420+0000] {subprocess.py:93} INFO - /usr/bin/bash: line 1: dbt: command not found
[2024-04-25T16:05:08.420+0000] {subprocess.py:97} INFO - Command exited with return code 127
[2024-04-25T16:05:08.421+0000] {taskinstance.py:441} INFO - ::group::Post task execution logs
[2024-04-25T16:05:08.440+0000] {taskinstance.py:2890} ERROR - Task failed with exception
Traceback (most recent call last):
  File "/home/airflow/.local/lib/python3.12/site-packages/airflow/models/taskinstance.py", line 465, in _execute_task
    result = _execute_callable(context=context, **execute_callable_kwargs)
             ^^^^^^^^^^^^^^^^^^^^^^^^^^^^^^^^^^^^^^^^^^^^^^^^^^^^^^^^^^^^^
  File "/home/airflow/.local/lib/python3.12/site-packages/airflow/models/taskinstance.py", line 432, in _execute_callable
    return execute_callable(context=context, **execute_callable_kwargs)
           ^^^^^^^^^^^^^^^^^^^^^^^^^^^^^^^^^^^^^^^^^^^^^^^^^^^^^^^^^^^^
  File "/home/airflow/.local/lib/python3.12/site-packages/airflow/models/baseoperator.py", line 400, in wrapper
    return func(self, *args, **kwargs)
           ^^^^^^^^^^^^^^^^^^^^^^^^^^^
  File "/home/airflow/.local/lib/python3.12/site-packages/airflow/operators/bash.py", line 243, in execute
    raise AirflowException(
airflow.exceptions.AirflowException: Bash command failed. The command returned a non-zero exit code 127.
[2024-04-25T16:05:08.446+0000] {taskinstance.py:1205} INFO - Marking task as FAILED. dag_id=dbt, task_id=dbt_run, execution_date=20240425T123124, start_date=20240425T160506, end_date=20240425T160508
[2024-04-25T16:05:08.472+0000] {standard_task_runner.py:110} ERROR - Failed to execute job 336 for task dbt_run (Bash command failed. The command returned a non-zero exit code 127.; 116937)
[2024-04-25T16:05:08.555+0000] {local_task_job_runner.py:240} INFO - Task exited with return code 1
[2024-04-25T16:05:08.587+0000] {taskinstance.py:3482} INFO - 0 downstream tasks scheduled from follow-on schedule check
[2024-04-25T16:05:08.607+0000] {local_task_job_runner.py:222} INFO - ::endgroup::
