[2024-04-26T16:27:07.043+0000] {local_task_job_runner.py:120} INFO - ::group::Pre task execution logs
[2024-04-26T16:27:07.056+0000] {taskinstance.py:2073} INFO - Dependencies all met for dep_context=non-requeueable deps ti=<TaskInstance: dbt.run_dbt_model manual__2024-04-26T16:27:05.020494+00:00 [queued]>
[2024-04-26T16:27:07.061+0000] {taskinstance.py:2073} INFO - Dependencies all met for dep_context=requeueable deps ti=<TaskInstance: dbt.run_dbt_model manual__2024-04-26T16:27:05.020494+00:00 [queued]>
[2024-04-26T16:27:07.062+0000] {taskinstance.py:2303} INFO - Starting attempt 1 of 1
[2024-04-26T16:27:07.075+0000] {taskinstance.py:2327} INFO - Executing <Task(BashOperator): run_dbt_model> on 2024-04-26 16:27:05.020494+00:00
[2024-04-26T16:27:07.086+0000] {logging_mixin.py:188} WARNING - /home/***/.local/lib/python3.12/site-packages/***/task/task_runner/standard_task_runner.py:61 DeprecationWarning: This process (pid=120905) is multi-threaded, use of fork() may lead to deadlocks in the child.
[2024-04-26T16:27:07.087+0000] {standard_task_runner.py:63} INFO - Started process 120932 to run task
[2024-04-26T16:27:07.085+0000] {standard_task_runner.py:90} INFO - Running: ['***', 'tasks', 'run', 'dbt', 'run_dbt_model', 'manual__2024-04-26T16:27:05.020494+00:00', '--job-id', '377', '--raw', '--subdir', 'DAGS_FOLDER/bq_dbt.py', '--cfg-path', '/tmp/tmpn6iili6j']
[2024-04-26T16:27:07.088+0000] {standard_task_runner.py:91} INFO - Job 377: Subtask run_dbt_model
[2024-04-26T16:27:07.126+0000] {task_command.py:426} INFO - Running <TaskInstance: dbt.run_dbt_model manual__2024-04-26T16:27:05.020494+00:00 [running]> on host b619dce40a27
[2024-04-26T16:27:07.197+0000] {taskinstance.py:2644} INFO - Exporting env vars: AIRFLOW_CTX_DAG_OWNER='***' AIRFLOW_CTX_DAG_ID='dbt' AIRFLOW_CTX_TASK_ID='run_dbt_model' AIRFLOW_CTX_EXECUTION_DATE='2024-04-26T16:27:05.020494+00:00' AIRFLOW_CTX_TRY_NUMBER='1' AIRFLOW_CTX_DAG_RUN_ID='manual__2024-04-26T16:27:05.020494+00:00'
[2024-04-26T16:27:07.199+0000] {taskinstance.py:430} INFO - ::endgroup::
[2024-04-26T16:27:07.200+0000] {subprocess.py:63} INFO - Tmp dir root location: /tmp
[2024-04-26T16:27:07.201+0000] {subprocess.py:75} INFO - Running command: ['/usr/bin/bash', '-c', 'dbt run --project-dir /workspaces/dw-and-bi/Capstone-project --profiles-dir /workspaces/dw-and-bi/Capstone-project/projectcapstone/profiles.yml']
[2024-04-26T16:27:07.215+0000] {subprocess.py:86} INFO - Output:
[2024-04-26T16:27:07.218+0000] {subprocess.py:93} INFO - /usr/bin/bash: line 1: dbt: command not found
[2024-04-26T16:27:07.218+0000] {subprocess.py:97} INFO - Command exited with return code 127
[2024-04-26T16:27:07.219+0000] {taskinstance.py:441} INFO - ::group::Post task execution logs
[2024-04-26T16:27:07.227+0000] {taskinstance.py:2890} ERROR - Task failed with exception
Traceback (most recent call last):
  File "/home/airflow/.local/lib/python3.12/site-packages/airflow/models/taskinstance.py", line 465, in _execute_task
    result = _execute_callable(context=context, **execute_callable_kwargs)
             ^^^^^^^^^^^^^^^^^^^^^^^^^^^^^^^^^^^^^^^^^^^^^^^^^^^^^^^^^^^^^
  File "/home/airflow/.local/lib/python3.12/site-packages/airflow/models/taskinstance.py", line 432, in _execute_callable
    return execute_callable(context=context, **execute_callable_kwargs)
           ^^^^^^^^^^^^^^^^^^^^^^^^^^^^^^^^^^^^^^^^^^^^^^^^^^^^^^^^^^^^
  File "/home/airflow/.local/lib/python3.12/site-packages/airflow/models/baseoperator.py", line 400, in wrapper
    return func(self, *args, **kwargs)
           ^^^^^^^^^^^^^^^^^^^^^^^^^^^
  File "/home/airflow/.local/lib/python3.12/site-packages/airflow/operators/bash.py", line 243, in execute
    raise AirflowException(
airflow.exceptions.AirflowException: Bash command failed. The command returned a non-zero exit code 127.
[2024-04-26T16:27:07.230+0000] {taskinstance.py:1205} INFO - Marking task as FAILED. dag_id=dbt, task_id=run_dbt_model, execution_date=20240426T162705, start_date=20240426T162707, end_date=20240426T162707
[2024-04-26T16:27:07.249+0000] {standard_task_runner.py:110} ERROR - Failed to execute job 377 for task run_dbt_model (Bash command failed. The command returned a non-zero exit code 127.; 120932)
[2024-04-26T16:27:07.301+0000] {local_task_job_runner.py:240} INFO - Task exited with return code 1
[2024-04-26T16:27:07.320+0000] {taskinstance.py:3482} INFO - 0 downstream tasks scheduled from follow-on schedule check
[2024-04-26T16:27:07.326+0000] {local_task_job_runner.py:222} INFO - ::endgroup::
