[2024-04-25T16:00:59.050+0000] {local_task_job_runner.py:120} INFO - ::group::Pre task execution logs
[2024-04-25T16:00:59.069+0000] {taskinstance.py:2073} INFO - Dependencies all met for dep_context=non-requeueable deps ti=<TaskInstance: dbt.dbt_run manual__2024-04-25T12:31:24.548079+00:00 [queued]>
[2024-04-25T16:00:59.074+0000] {taskinstance.py:2073} INFO - Dependencies all met for dep_context=requeueable deps ti=<TaskInstance: dbt.dbt_run manual__2024-04-25T12:31:24.548079+00:00 [queued]>
[2024-04-25T16:00:59.075+0000] {taskinstance.py:2303} INFO - Starting attempt 6 of 6
[2024-04-25T16:00:59.097+0000] {taskinstance.py:2327} INFO - Executing <Task(BashOperator): dbt_run> on 2024-04-25 12:31:24.548079+00:00
[2024-04-25T16:00:59.107+0000] {standard_task_runner.py:90} INFO - Running: ['***', 'tasks', 'run', 'dbt', 'dbt_run', 'manual__2024-04-25T12:31:24.548079+00:00', '--job-id', '335', '--raw', '--subdir', 'DAGS_FOLDER/bq_dbt.py', '--cfg-path', '/tmp/tmpu9ec773y']
[2024-04-25T16:00:59.109+0000] {standard_task_runner.py:91} INFO - Job 335: Subtask dbt_run
[2024-04-25T16:00:59.112+0000] {logging_mixin.py:188} WARNING - /home/***/.local/lib/python3.12/site-packages/***/task/task_runner/standard_task_runner.py:61 DeprecationWarning: This process (pid=114688) is multi-threaded, use of fork() may lead to deadlocks in the child.
[2024-04-25T16:00:59.112+0000] {standard_task_runner.py:63} INFO - Started process 114720 to run task
[2024-04-25T16:00:59.150+0000] {task_command.py:426} INFO - Running <TaskInstance: dbt.dbt_run manual__2024-04-25T12:31:24.548079+00:00 [running]> on host b619dce40a27
[2024-04-25T16:00:59.418+0000] {taskinstance.py:2644} INFO - Exporting env vars: AIRFLOW_CTX_DAG_OWNER='***' AIRFLOW_CTX_DAG_ID='dbt' AIRFLOW_CTX_TASK_ID='dbt_run' AIRFLOW_CTX_EXECUTION_DATE='2024-04-25T12:31:24.548079+00:00' AIRFLOW_CTX_TRY_NUMBER='6' AIRFLOW_CTX_DAG_RUN_ID='manual__2024-04-25T12:31:24.548079+00:00'
[2024-04-25T16:00:59.419+0000] {taskinstance.py:430} INFO - ::endgroup::
[2024-04-25T16:00:59.420+0000] {subprocess.py:63} INFO - Tmp dir root location: /tmp
[2024-04-25T16:00:59.421+0000] {subprocess.py:75} INFO - Running command: ['/usr/bin/bash', '-c', 'cd /workspaces/dw-and-bi/Capstone-project; source ../ENV/bin/activate; cd /workspaces/dw-and-bi/Capstone-project/projectcapstone; dbt run']
[2024-04-25T16:00:59.443+0000] {subprocess.py:86} INFO - Output:
[2024-04-25T16:00:59.449+0000] {subprocess.py:93} INFO - /usr/bin/bash: line 1: cd: /workspaces/dw-and-bi/Capstone-project: No such file or directory
[2024-04-25T16:00:59.449+0000] {subprocess.py:93} INFO - /usr/bin/bash: line 1: ../ENV/bin/activate: No such file or directory
[2024-04-25T16:00:59.450+0000] {subprocess.py:93} INFO - /usr/bin/bash: line 1: cd: /workspaces/dw-and-bi/Capstone-project/projectcapstone: No such file or directory
[2024-04-25T16:00:59.450+0000] {subprocess.py:93} INFO - /usr/bin/bash: line 1: dbt: command not found
[2024-04-25T16:00:59.450+0000] {subprocess.py:97} INFO - Command exited with return code 127
[2024-04-25T16:00:59.451+0000] {taskinstance.py:441} INFO - ::group::Post task execution logs
[2024-04-25T16:00:59.459+0000] {taskinstance.py:2890} ERROR - Task failed with exception
Traceback (most recent call last):
  File "/home/airflow/.local/lib/python3.12/site-packages/airflow/models/taskinstance.py", line 465, in _execute_task
    result = _execute_callable(context=context, **execute_callable_kwargs)
             ^^^^^^^^^^^^^^^^^^^^^^^^^^^^^^^^^^^^^^^^^^^^^^^^^^^^^^^^^^^^^
  File "/home/airflow/.local/lib/python3.12/site-packages/airflow/models/taskinstance.py", line 432, in _execute_callable
    return execute_callable(context=context, **execute_callable_kwargs)
           ^^^^^^^^^^^^^^^^^^^^^^^^^^^^^^^^^^^^^^^^^^^^^^^^^^^^^^^^^^^^
  File "/home/airflow/.local/lib/python3.12/site-packages/airflow/models/baseoperator.py", line 400, in wrapper
    return func(self, *args, **kwargs)
           ^^^^^^^^^^^^^^^^^^^^^^^^^^^
  File "/home/airflow/.local/lib/python3.12/site-packages/airflow/operators/bash.py", line 243, in execute
    raise AirflowException(
airflow.exceptions.AirflowException: Bash command failed. The command returned a non-zero exit code 127.
[2024-04-25T16:00:59.461+0000] {taskinstance.py:1205} INFO - Marking task as FAILED. dag_id=dbt, task_id=dbt_run, execution_date=20240425T123124, start_date=20240425T160059, end_date=20240425T160059
[2024-04-25T16:00:59.476+0000] {standard_task_runner.py:110} ERROR - Failed to execute job 335 for task dbt_run (Bash command failed. The command returned a non-zero exit code 127.; 114720)
[2024-04-25T16:00:59.529+0000] {local_task_job_runner.py:240} INFO - Task exited with return code 1
[2024-04-25T16:00:59.545+0000] {taskinstance.py:3482} INFO - 0 downstream tasks scheduled from follow-on schedule check
[2024-04-25T16:00:59.555+0000] {local_task_job_runner.py:222} INFO - ::endgroup::
