[2024-04-26T16:10:05.857+0000] {local_task_job_runner.py:120} INFO - ::group::Pre task execution logs
[2024-04-26T16:10:05.894+0000] {taskinstance.py:2073} INFO - Dependencies all met for dep_context=non-requeueable deps ti=<TaskInstance: dbt.git_install_task scheduled__2024-04-25T00:00:00+00:00 [queued]>
[2024-04-26T16:10:05.917+0000] {taskinstance.py:2073} INFO - Dependencies all met for dep_context=requeueable deps ti=<TaskInstance: dbt.git_install_task scheduled__2024-04-25T00:00:00+00:00 [queued]>
[2024-04-26T16:10:05.918+0000] {taskinstance.py:2303} INFO - Starting attempt 4 of 4
[2024-04-26T16:10:05.955+0000] {taskinstance.py:2327} INFO - Executing <Task(BashOperator): git_install_task> on 2024-04-25 00:00:00+00:00
[2024-04-26T16:10:05.992+0000] {logging_mixin.py:188} WARNING - /home/***/.local/lib/python3.12/site-packages/***/task/task_runner/standard_task_runner.py:61 DeprecationWarning: This process (pid=111719) is multi-threaded, use of fork() may lead to deadlocks in the child.
[2024-04-26T16:10:06.001+0000] {standard_task_runner.py:63} INFO - Started process 111747 to run task
[2024-04-26T16:10:06.004+0000] {standard_task_runner.py:90} INFO - Running: ['***', 'tasks', 'run', 'dbt', 'git_install_task', 'scheduled__2024-04-25T00:00:00+00:00', '--job-id', '375', '--raw', '--subdir', 'DAGS_FOLDER/bq_dbt.py', '--cfg-path', '/tmp/tmp2_19zrqm']
[2024-04-26T16:10:06.011+0000] {standard_task_runner.py:91} INFO - Job 375: Subtask git_install_task
[2024-04-26T16:10:06.184+0000] {task_command.py:426} INFO - Running <TaskInstance: dbt.git_install_task scheduled__2024-04-25T00:00:00+00:00 [running]> on host b619dce40a27
[2024-04-26T16:10:06.450+0000] {taskinstance.py:2644} INFO - Exporting env vars: AIRFLOW_CTX_DAG_OWNER='***' AIRFLOW_CTX_DAG_ID='dbt' AIRFLOW_CTX_TASK_ID='git_install_task' AIRFLOW_CTX_EXECUTION_DATE='2024-04-25T00:00:00+00:00' AIRFLOW_CTX_TRY_NUMBER='4' AIRFLOW_CTX_DAG_RUN_ID='scheduled__2024-04-25T00:00:00+00:00'
[2024-04-26T16:10:06.451+0000] {taskinstance.py:430} INFO - ::endgroup::
[2024-04-26T16:10:06.455+0000] {subprocess.py:63} INFO - Tmp dir root location: /tmp
[2024-04-26T16:10:06.457+0000] {subprocess.py:75} INFO - Running command: ['/usr/bin/bash', '-c', 'echo "<password>" | sudo -S apt-get install git -y']
[2024-04-26T16:10:06.519+0000] {subprocess.py:86} INFO - Output:
[2024-04-26T16:10:08.433+0000] {subprocess.py:93} INFO - [sudo] password for default: Sorry, try again.
[2024-04-26T16:10:08.483+0000] {subprocess.py:93} INFO - [sudo] password for default:
[2024-04-26T16:10:08.485+0000] {subprocess.py:93} INFO - sudo: no password was provided
[2024-04-26T16:10:08.487+0000] {subprocess.py:93} INFO - sudo: 1 incorrect password attempt
[2024-04-26T16:10:08.487+0000] {subprocess.py:97} INFO - Command exited with return code 1
[2024-04-26T16:10:08.488+0000] {taskinstance.py:441} INFO - ::group::Post task execution logs
[2024-04-26T16:10:08.506+0000] {taskinstance.py:2890} ERROR - Task failed with exception
Traceback (most recent call last):
  File "/home/airflow/.local/lib/python3.12/site-packages/airflow/models/taskinstance.py", line 465, in _execute_task
    result = _execute_callable(context=context, **execute_callable_kwargs)
             ^^^^^^^^^^^^^^^^^^^^^^^^^^^^^^^^^^^^^^^^^^^^^^^^^^^^^^^^^^^^^
  File "/home/airflow/.local/lib/python3.12/site-packages/airflow/models/taskinstance.py", line 432, in _execute_callable
    return execute_callable(context=context, **execute_callable_kwargs)
           ^^^^^^^^^^^^^^^^^^^^^^^^^^^^^^^^^^^^^^^^^^^^^^^^^^^^^^^^^^^^
  File "/home/airflow/.local/lib/python3.12/site-packages/airflow/models/baseoperator.py", line 400, in wrapper
    return func(self, *args, **kwargs)
           ^^^^^^^^^^^^^^^^^^^^^^^^^^^
  File "/home/airflow/.local/lib/python3.12/site-packages/airflow/operators/bash.py", line 243, in execute
    raise AirflowException(
airflow.exceptions.AirflowException: Bash command failed. The command returned a non-zero exit code 1.
[2024-04-26T16:10:08.518+0000] {taskinstance.py:1205} INFO - Marking task as FAILED. dag_id=dbt, task_id=git_install_task, execution_date=20240425T000000, start_date=20240426T161005, end_date=20240426T161008
[2024-04-26T16:10:08.558+0000] {standard_task_runner.py:110} ERROR - Failed to execute job 375 for task git_install_task (Bash command failed. The command returned a non-zero exit code 1.; 111747)
[2024-04-26T16:10:08.591+0000] {local_task_job_runner.py:240} INFO - Task exited with return code 1
[2024-04-26T16:10:08.630+0000] {taskinstance.py:3482} INFO - 0 downstream tasks scheduled from follow-on schedule check
[2024-04-26T16:10:08.644+0000] {local_task_job_runner.py:222} INFO - ::endgroup::
