[2024-03-23T11:22:09.819+0000] {taskinstance.py:1979} INFO - Dependencies all met for dep_context=non-requeueable deps ti=<TaskInstance: hello.say_hello manual__2024-03-23T11:22:06.549429+00:00 [queued]>
[2024-03-23T11:22:09.827+0000] {taskinstance.py:1979} INFO - Dependencies all met for dep_context=requeueable deps ti=<TaskInstance: hello.say_hello manual__2024-03-23T11:22:06.549429+00:00 [queued]>
[2024-03-23T11:22:09.828+0000] {taskinstance.py:2193} INFO - Starting attempt 1 of 1
[2024-03-23T11:22:09.859+0000] {taskinstance.py:2217} INFO - Executing <Task(PythonOperator): say_hello> on 2024-03-23 11:22:06.549429+00:00
[2024-03-23T11:22:09.869+0000] {standard_task_runner.py:60} INFO - Started process 47546 to run task
[2024-03-23T11:22:09.875+0000] {standard_task_runner.py:87} INFO - Running: ['***', 'tasks', 'run', 'hello', 'say_hello', 'manual__2024-03-23T11:22:06.549429+00:00', '--job-id', '3', '--raw', '--subdir', 'DAGS_FOLDER/้hello.py', '--cfg-path', '/tmp/tmpgg3l3cmx']
[2024-03-23T11:22:09.877+0000] {standard_task_runner.py:88} INFO - Job 3: Subtask say_hello
[2024-03-23T11:22:09.960+0000] {task_command.py:423} INFO - Running <TaskInstance: hello.say_hello manual__2024-03-23T11:22:06.549429+00:00 [running]> on host 6518380b63ed
[2024-03-23T11:22:10.055+0000] {taskinstance.py:2513} INFO - Exporting env vars: AIRFLOW_CTX_DAG_OWNER='***' AIRFLOW_CTX_DAG_ID='hello' AIRFLOW_CTX_TASK_ID='say_hello' AIRFLOW_CTX_EXECUTION_DATE='2024-03-23T11:22:06.549429+00:00' AIRFLOW_CTX_TRY_NUMBER='1' AIRFLOW_CTX_DAG_RUN_ID='manual__2024-03-23T11:22:06.549429+00:00'
[2024-03-23T11:22:10.057+0000] {taskinstance.py:2731} ERROR - Task failed with exception
Traceback (most recent call last):
  File "/home/airflow/.local/lib/python3.8/site-packages/airflow/models/taskinstance.py", line 444, in _execute_task
    result = _execute_callable(context=context, **execute_callable_kwargs)
  File "/home/airflow/.local/lib/python3.8/site-packages/airflow/models/taskinstance.py", line 414, in _execute_callable
    return execute_callable(context=context, **execute_callable_kwargs)
  File "/home/airflow/.local/lib/python3.8/site-packages/airflow/operators/python.py", line 200, in execute
    return_value = self.execute_callable()
  File "/home/airflow/.local/lib/python3.8/site-packages/airflow/operators/python.py", line 217, in execute_callable
    return self.python_callable(*self.op_args, **self.op_kwargs)
  File "/opt/airflow/dags/้hello.py", line 8, in _say_hello
    logging.debug("This is DEBUG log")
NameError: name 'logging' is not defined
[2024-03-23T11:22:10.064+0000] {taskinstance.py:1149} INFO - Marking task as FAILED. dag_id=hello, task_id=say_hello, execution_date=20240323T112206, start_date=20240323T112209, end_date=20240323T112210
[2024-03-23T11:22:10.078+0000] {standard_task_runner.py:107} ERROR - Failed to execute job 3 for task say_hello (name 'logging' is not defined; 47546)
[2024-03-23T11:22:10.105+0000] {local_task_job_runner.py:234} INFO - Task exited with return code 1
[2024-03-23T11:22:10.129+0000] {taskinstance.py:3312} INFO - 0 downstream tasks scheduled from follow-on schedule check
